This file contains any messages produced by compilers while
running configure, to aid debugging if configure makes a mistake.

It was created by configure, which was
generated by GNU Autoconf 2.50.  Invocation command line was

  $ ./configure 

## ---------- ##
## Platform.  ##
## ---------- ##

hostname = kk-virtual-machine
uname -m = x86_64
uname -r = 5.15.0-52-generic
uname -s = Linux
uname -v = #58~20.04.1-Ubuntu SMP Thu Oct 13 13:09:46 UTC 2022

/usr/bin/uname -p = x86_64
/bin/uname -X     = unknown

/bin/arch              = x86_64
/usr/bin/arch -k       = unknown
/usr/convex/getsysinfo = unknown
hostinfo               = unknown
/bin/machine           = unknown
/usr/bin/oslevel       = unknown
/bin/universe          = unknown

PATH = /home/kk/.local/bin:/home/kk/.local/bin:/usr/local/sbin:/usr/local/bin:/usr/sbin:/usr/bin:/sbin:/bin:/usr/games:/usr/local/games:/snap/bin

## ------------ ##
## Core tests.  ##
## ------------ ##

configure:889: PATH=".;."; conftest.sh
./configure: 890: conftest.sh: not found
configure:892: $? = 127
configure:938: checking for a BSD compatible install
configure:987: result: /usr/bin/install -c
configure:998: checking whether build environment is sane
configure:1041: result: yes
configure:1062: checking whether make sets ${MAKE}
configure:1082: result: yes
configure:1110: checking for working aclocal
configure:1121: result: missing
configure:1125: checking for working autoconf
configure:1136: result: missing
configure:1140: checking for working automake
configure:1151: result: missing
configure:1155: checking for working autoheader
configure:1166: result: missing
configure:1170: checking for working makeinfo
configure:1181: result: missing
configure:1232: checking for gcc
configure:1247: found /usr/bin/gcc
configure:1255: result: gcc
configure:1499: checking for C compiler default output
configure:1502: gcc    conftest.c  >&5
configure:1505: $? = 0
configure:1528: result: a.out
configure:1533: checking whether the C compiler works
configure:1539: ./a.out
configure:1542: $? = 0
configure:1557: result: yes
configure:1564: checking whether we are cross compiling
configure:1566: result: no
configure:1569: checking for executable suffix
configure:1571: gcc -o conftest    conftest.c  >&5
configure:1574: $? = 0
configure:1596: result: 
configure:1602: checking for object suffix
configure:1620: gcc -c   conftest.c >&5
configure:1623: $? = 0
configure:1642: result: o
configure:1646: checking whether we are using the GNU C compiler
configure:1667: gcc -c   conftest.c >&5
configure:1670: $? = 0
configure:1673: test -s conftest.o
configure:1676: $? = 0
configure:1688: result: yes
configure:1694: checking whether gcc accepts -g
configure:1712: gcc -c -g  conftest.c >&5
configure:1715: $? = 0
configure:1718: test -s conftest.o
configure:1721: $? = 0
configure:1731: result: yes
configure:1758: gcc -c -g -O2  conftest.c >&5
conftest.c:2:3: error: unknown type name 'choke'
    2 |   choke me
      |   ^~~~~
conftest.c:2:3: error: expected '=', ',', ';', 'asm' or '__attribute__' at end of input
configure:1761: $? = 1
configure: failed program was:
#ifndef __cplusplus
  choke me
#endif
configure:1861: checking how to run the C preprocessor
configure:1888: gcc -E  conftest.c
configure:1894: $? = 0
configure:1921: gcc -E  conftest.c
configure:1918:10: fatal error: ac_nonexistent.h: No such file or directory
 1918 | #include "confdefs.h"
      |          ^~~~~~~~~~~~      
compilation terminated.
configure:1927: $? = 1
configure: failed program was:
#line 1917 "configure"
#include "confdefs.h"
#include <ac_nonexistent.h>
configure:1964: result: gcc -E
configure:1979: gcc -E  conftest.c
configure:1985: $? = 0
configure:2012: gcc -E  conftest.c
configure:2009:10: fatal error: ac_nonexistent.h: No such file or directory
 2009 | #include "confdefs.h"
      |          ^~~~~~~~~~~~      
compilation terminated.
configure:2018: $? = 1
configure: failed program was:
#line 2008 "configure"
#include "confdefs.h"
#include <ac_nonexistent.h>
configure:2057: checking for ANSI C header files
configure:2071: gcc -E  conftest.c
configure:2077: $? = 0
configure:2164: gcc -o conftest -g -O2   conftest.c  >&5
configure: In function 'main':
configure:2156:7: warning: implicit declaration of function 'exit' [-Wimplicit-function-declaration]
 2156 |   for (i = 0; i < 256; i++)
      |       ^~~~
configure:2156:7: warning: incompatible implicit declaration of built-in function 'exit'
configure:2140:1: note: include '<stdlib.h>' or provide a declaration of 'exit'
 2139 | #include "confdefs.h"
  +++ |+#include <stdlib.h>
 2140 | #include <ctype.h>
configure:2157:3: warning: incompatible implicit declaration of built-in function 'exit'
 2157 |     if (XOR (islower (i), ISLOWER (i))
      |   ^ ~~
configure:2157:3: note: include '<stdlib.h>' or provide a declaration of 'exit'
configure:2167: $? = 0
configure:2169: ./conftest
configure:2172: $? = 0
configure:2185: result: yes
configure:2198: checking for limits.h
configure:2208: gcc -E  conftest.c
configure:2214: $? = 0
configure:2233: result: yes
configure:2198: checking for sys/time.h
configure:2208: gcc -E  conftest.c
configure:2214: $? = 0
configure:2233: result: yes
configure:2198: checking for unistd.h
configure:2208: gcc -E  conftest.c
configure:2214: $? = 0
configure:2233: result: yes
configure:2243: checking for gcc option to accept ANSI C
configure:2300: gcc  -c -g -O2  conftest.c >&5
configure:2303: $? = 0
configure:2306: test -s conftest.o
configure:2309: $? = 0
configure:2326: result: none needed
configure:2334: checking for an ANSI C-conforming const
configure:2398: gcc -c -g -O2  conftest.c >&5
configure:2401: $? = 0
configure:2404: test -s conftest.o
configure:2407: $? = 0
configure:2417: result: yes
configure:2427: checking for uid_t in sys/types.h
configure:2447: result: yes
configure:2461: checking for working memcmp
configure:2506: gcc -o conftest -g -O2   conftest.c  >&5
configure: In function 'main':
configure:2478:7: warning: implicit declaration of function 'memcmp' [-Wimplicit-function-declaration]
 2478 |   char c0 = 0x40, c1 = 0x80, c2 = 0x81;
      |       ^~~~~~
configure:2478:24: warning: 'memcmp' argument 3 type is 'int' where 'long unsigned int' is expected in a call to built-in function declared without prototype [-Wbuiltin-declaration-mismatch]
 2478 |   char c0 = 0x40, c1 = 0x80, c2 = 0x81;
      |                        ^
<built-in>: note: built-in 'memcmp' declared here
configure:2478:52: warning: 'memcmp' argument 3 type is 'int' where 'long unsigned int' is expected in a call to built-in function declared without prototype [-Wbuiltin-declaration-mismatch]
 2478 |   char c0 = 0x40, c1 = 0x80, c2 = 0x81;
      |                                                    ^
<built-in>: note: built-in 'memcmp' declared here
configure:2479:5: warning: implicit declaration of function 'exit' [-Wimplicit-function-declaration]
 2479 |   if (memcmp(&c0, &c2, 1) >= 0 || memcmp(&c1, &c2, 1) >= 0)
      |     ^~~~
configure:2479:5: warning: incompatible implicit declaration of built-in function 'exit'
configure:2471:1: note: include '<stdlib.h>' or provide a declaration of 'exit'
 2470 | #line 2470 "configure"
  +++ |+#include <stdlib.h>
 2471 | #include "confdefs.h"
configure:2492:9: warning: implicit declaration of function 'strcpy' [-Wimplicit-function-declaration]
 2492 |         char *b = bar + i;
      |         ^~~~~~
configure:2492:9: warning: incompatible implicit declaration of built-in function 'strcpy'
configure:2471:1: note: include '<string.h>' or provide a declaration of 'strcpy'
 2470 | #line 2470 "configure"
  +++ |+#include <string.h>
 2471 | #include "confdefs.h"
configure:2494:27: warning: 'memcmp' argument 3 type is 'int' where 'long unsigned int' is expected in a call to built-in function declared without prototype [-Wbuiltin-declaration-mismatch]
 2494 |         strcpy (b, "--------10000000");
      |                           ^~
<built-in>: note: built-in 'memcmp' declared here
configure:2495:11: warning: incompatible implicit declaration of built-in function 'exit'
 2495 |         if (memcmp (a, b, 16) >= 0)
      |           ^~~~
configure:2495:11: note: include '<stdlib.h>' or provide a declaration of 'exit'
configure:2497:5: warning: incompatible implicit declaration of built-in function 'exit'
 2497 |       }
      |     ^ ~ 
configure:2497:5: note: include '<stdlib.h>' or provide a declaration of 'exit'
configure:2509: $? = 0
configure:2511: ./conftest
configure:2514: $? = 0
configure:2526: result: yes
configure:2533: checking for strcspn
configure:2570: gcc -o conftest -g -O2   conftest.c  >&5
configure:2549:6: warning: conflicting types for built-in function 'strcspn'; expected 'long unsigned int(const char *, const char *)' [-Wbuiltin-declaration-mismatch]
 2549 |    builtin and then its argument prototype would still apply.  */
      |      ^~~~~~~
configure:2543:1: note: 'strcspn' is declared in header '<string.h>'
 2542 |     which can conflict with char $ac_func (); below.  */
  +++ |+#include <string.h>
 2543 | #include <assert.h>
configure:2573: $? = 0
configure:2576: test -s conftest
configure:2579: $? = 0
configure:2589: result: yes
configure:2533: checking for strerror
configure:2570: gcc -o conftest -g -O2   conftest.c  >&5
configure:2573: $? = 0
configure:2576: test -s conftest
configure:2579: $? = 0
configure:2589: result: yes
configure:2533: checking for strspn
configure:2570: gcc -o conftest -g -O2   conftest.c  >&5
configure:2549:6: warning: conflicting types for built-in function 'strspn'; expected 'long unsigned int(const char *, const char *)' [-Wbuiltin-declaration-mismatch]
 2549 |    builtin and then its argument prototype would still apply.  */
      |      ^~~~~~
configure:2543:1: note: 'strspn' is declared in header '<string.h>'
 2542 |     which can conflict with char $ac_func (); below.  */
  +++ |+#include <string.h>
 2543 | #include <assert.h>
configure:2573: $? = 0
configure:2576: test -s conftest
configure:2579: $? = 0
configure:2589: result: yes
configure:2533: checking for strstr
configure:2570: gcc -o conftest -g -O2   conftest.c  >&5
configure:2549:6: warning: conflicting types for built-in function 'strstr'; expected 'char *(const char *, const char *)' [-Wbuiltin-declaration-mismatch]
 2549 |    builtin and then its argument prototype would still apply.  */
      |      ^~~~~~
configure:2543:1: note: 'strstr' is declared in header '<string.h>'
 2542 |     which can conflict with char $ac_func (); below.  */
  +++ |+#include <string.h>
 2543 | #include <assert.h>
configure:2573: $? = 0
configure:2576: test -s conftest
configure:2579: $? = 0
configure:2589: result: yes
configure:2679: creating ./config.status

## ----------------------- ##
## Running config.status.  ##
## ----------------------- ##

This file was extended by config.status 2.50, executed with
  > ./config.status 
on kk-virtual-machine

config.status:3121: creating Makefile
config.status:3121: creating src/Makefile
config.status:3213: creating config.h
config.status:3354: config.h is unchanged

## ----------------- ##
## Cache variables.  ##
## ----------------- ##

ac_cv_c_compiler_gnu='yes'
ac_cv_c_const='yes'
ac_cv_env_CC_set=''
ac_cv_env_CC_value=''
ac_cv_env_CFLAGS_set=''
ac_cv_env_CFLAGS_value=''
ac_cv_env_CPPFLAGS_set=''
ac_cv_env_CPPFLAGS_value=''
ac_cv_env_CPP_set=''
ac_cv_env_CPP_value=''
ac_cv_env_LDFLAGS_set=''
ac_cv_env_LDFLAGS_value=''
ac_cv_env_build_alias_set=''
ac_cv_env_build_alias_value=''
ac_cv_env_host_alias_set=''
ac_cv_env_host_alias_value=''
ac_cv_env_target_alias_set=''
ac_cv_env_target_alias_value=''
ac_cv_func_memcmp_working='yes'
ac_cv_func_strcspn='yes'
ac_cv_func_strerror='yes'
ac_cv_func_strspn='yes'
ac_cv_func_strstr='yes'
ac_cv_header_limits_h='yes'
ac_cv_header_stdc='yes'
ac_cv_header_sys_time_h='yes'
ac_cv_header_unistd_h='yes'
ac_cv_objext='o'
ac_cv_path_install='/usr/bin/install -c'
ac_cv_prog_CPP='gcc -E'
ac_cv_prog_ac_ct_CC='gcc'
ac_cv_prog_cc_g='yes'
ac_cv_prog_cc_stdc=''
ac_cv_prog_make_make_set='yes'
ac_cv_type_uid_t='yes'

## ------------ ##
## confdefs.h.  ##
## ------------ ##

#define PACKAGE "espresso-ab"
#define VERSION "1.0"
#define STDC_HEADERS 1
#define HAVE_LIMITS_H 1
#define HAVE_SYS_TIME_H 1
#define HAVE_UNISTD_H 1
#define HAVE_STRCSPN 1
#define HAVE_STRERROR 1
#define HAVE_STRSPN 1
#define HAVE_STRSTR 1


configure: exit 0
